<?xml version="1.0" encoding="UTF-8"?>
<!-- Generated by org.testng.reporters.JUnitReportReporter -->
<testsuite hostname="Rahul" failures="0" tests="1" name="com.generic.SauceDemo.TC_001" time="4.802" errors="0" timestamp="2025-10-21T23:15:50 IST" skipped="0">
  <testcase classname="com.generic.SauceDemo.TC_001" name="e2eScenario" time="4.802">
    <system-out>
      <![CDATA[Successfully Login
Home page is successfully Displayed
Products are successfully added to Cart
Successfully Created Order Summary
Thank you for your order!]]>
    </system-out>
  </testcase> <!-- e2eScenario -->
  <system-out>
    <![CDATA[Successfully Login
Home page is successfully Displayed
Products are successfully added to Cart
Successfully Created Order Summary
Thank you for your order!
Successfully Logout]]>
  </system-out>
</testsuite> <!-- com.generic.SauceDemo.TC_001 -->
